<?xml version="1.0" encoding="UTF-8"?>
<testng-results ignored="0" total="1" passed="1" failed="0" skipped="0">
  <reporter-output>
    <line>
      <![CDATA[Report configuration]]>
    </line>
    <line>
      <![CDATA[test--Started--]]>
    </line>
    <line>
      <![CDATA[Test Pass: Button text matches exactly]]>
    </line>
    <line>
      <![CDATA[test--Success--]]>
    </line>
  </reporter-output>
  <suite started-at="2025-04-11T14:27:29 IST" name="Suite" finished-at="2025-04-11T14:28:38 IST" duration-ms="68430">
    <groups>
    </groups>
    <test started-at="2025-04-11T14:27:29 IST" name="Test" finished-at="2025-04-11T14:28:38 IST" duration-ms="68430">
      <class name="Login.LoginTest">
        <test-method signature="test()[pri:0, instance:Login.LoginTest@2892d68]" started-at="2025-04-11T14:27:29 IST" name="test" finished-at="2025-04-11T14:28:38 IST" duration-ms="68382" status="PASS">
          <reporter-output>
            <line>
              <![CDATA[test--Started--]]>
            </line>
            <line>
              <![CDATA[Test Pass: Button text matches exactly]]>
            </line>
            <line>
              <![CDATA[test--Success--]]>
            </line>
          </reporter-output>
        </test-method> <!-- test -->
      </class> <!-- Login.LoginTest -->
    </test> <!-- Test -->
  </suite> <!-- Suite -->
</testng-results>
